Using pre-set license
Built from '2020.3/staging' branch; Version is '2020.3.11f1 (99c7afb366b3) revision 10078127'; Using compiler version '192528614'; Build Type 'Release'
OS: 'Windows 10 Enterprise LTSC 2019; OS build 17763.1697; Version 1809; 64bit' Language: 'ru' Physical Memory: 32720 MB
BatchMode: 1, IsHumanControllingUs: 0, StartBugReporterOnCrash: 0, Is64bit: 1, IsPro: 0

 COMMAND LINE ARGUMENTS:
D:\Programs\Unity\2020.3.11f1\Editor\Unity.exe
-adb2
-batchMode
-noUpm
-name
AssetImportWorker0
-projectPath
D:/Git/Signaling2D
-logFile
Logs/AssetImportWorker0.log
-srvPort
53084
Successfully changed project path to: D:/Git/Signaling2D
D:/Git/Signaling2D
Using Asset Import Pipeline V2.
Refreshing native plugins compatible for Editor in 44.54 ms, found 3 plugins.
Preloading 0 native plugins for Editor in 0.00 ms.
Initialize engine version: 2020.3.11f1 (99c7afb366b3)
[Subsystems] Discovering subsystems at path D:/Programs/Unity/2020.3.11f1/Editor/Data/Resources/UnitySubsystems
[Subsystems] Discovering subsystems at path D:/Git/Signaling2D/Assets
GfxDevice: creating device client; threaded=0
Direct3D:
    Version:  Direct3D 11.0 [level 11.1]
    Renderer: NVIDIA GeForce GTX 1060 (ID=0x1c20)
    Vendor:   
    VRAM:     6052 MB
    Driver:   27.21.14.6140
Initialize mono
Mono path[0] = 'D:/Programs/Unity/2020.3.11f1/Editor/Data/Managed'
Mono path[1] = 'D:/Programs/Unity/2020.3.11f1/Editor/Data/MonoBleedingEdge/lib/mono/unityjit'
Mono config path = 'D:/Programs/Unity/2020.3.11f1/Editor/Data/MonoBleedingEdge/etc'
Using monoOptions --debugger-agent=transport=dt_socket,embedding=1,server=y,suspend=n,address=127.0.0.1:56028
Begin MonoManager ReloadAssembly
Registering precompiled unity dll's ...
Register platform support module: D:/Programs/Unity/2020.3.11f1/Editor/Data/PlaybackEngines/WebGLSupport/UnityEditor.WebGL.Extensions.dll
Register platform support module: D:/Programs/Unity/2020.3.11f1/Editor/Data/PlaybackEngines/WindowsStandaloneSupport/UnityEditor.WindowsStandalone.Extensions.dll
Registered in 0.001437 seconds.
Native extension for WindowsStandalone target not found
Native extension for WebGL target not found
Refreshing native plugins compatible for Editor in 46.46 ms, found 3 plugins.
Preloading 0 native plugins for Editor in 0.00 ms.
Mono: successfully reloaded assembly
- Completed reload, in  1.712 seconds
Platform modules already initialized, skipping
Registering precompiled user dll's ...
Registered in 0.003135 seconds.
Begin MonoManager ReloadAssembly
Native extension for WindowsStandalone target not found
Native extension for WebGL target not found
Refreshing native plugins compatible for Editor in 44.14 ms, found 3 plugins.
Preloading 0 native plugins for Editor in 0.00 ms.
Mono: successfully reloaded assembly
- Completed reload, in  1.159 seconds
Platform modules already initialized, skipping
========================================================================
Worker process is ready to serve import requests
Launched and connected shader compiler UnityShaderCompiler.exe after 0.04 seconds
Refreshing native plugins compatible for Editor in 0.51 ms, found 3 plugins.
Preloading 0 native plugins for Editor in 0.00 ms.
Unloading 2082 Unused Serialized files (Serialized files now loaded: 0)
System memory in use before: 92.8 MB.
System memory in use after: 92.9 MB.

Unloading 28 unused Assets to reduce memory usage. Loaded Objects now: 2521.
Total: 2.498300 ms (FindLiveObjects: 0.189800 ms CreateObjectMapping: 0.069600 ms MarkObjects: 2.131400 ms  DeleteObjects: 0.106600 ms)

========================================================================
Received Import Request.
  path: Assets/Scripts/WardenAlarm.cs
  artifactKey: Guid(af6e454606ec6984ba923e1f7988de14) Importer(815301076,1909f56bfc062723c751e8b465ee728b)
Start importing Assets/Scripts/WardenAlarm.cs using Guid(af6e454606ec6984ba923e1f7988de14) Importer(815301076,1909f56bfc062723c751e8b465ee728b)  -> (artifact id: 'd4b291cc2ce95088990138fa4fee4442') in 0.020432 seconds
  Import took 0.023587 seconds .

========================================================================
Received Import Request.
  Time since last request: 74.420736 seconds.
  path: Assets/Scripts/CharectorMoving.cs
  artifactKey: Guid(ff342cabaff52314aa3f4ca8744a7d9c) Importer(815301076,1909f56bfc062723c751e8b465ee728b)
Start importing Assets/Scripts/CharectorMoving.cs using Guid(ff342cabaff52314aa3f4ca8744a7d9c) Importer(815301076,1909f56bfc062723c751e8b465ee728b)  -> (artifact id: 'ef567b7300d8533b742c08c30a2ced55') in 0.001718 seconds
  Import took 0.005255 seconds .

========================================================================
Received Import Request.
  Time since last request: 0.002356 seconds.
  path: Assets/Scripts/CharectorMoving.cs
  artifactKey: Guid(ff342cabaff52314aa3f4ca8744a7d9c) Importer(815301076,1909f56bfc062723c751e8b465ee728b)
Start importing Assets/Scripts/CharectorMoving.cs using Guid(ff342cabaff52314aa3f4ca8744a7d9c) Importer(815301076,1909f56bfc062723c751e8b465ee728b)  -> (artifact id: 'ef567b7300d8533b742c08c30a2ced55') in 0.001586 seconds
  Import took 0.005745 seconds .

========================================================================
Received Prepare
Registering precompiled user dll's ...
Registered in 0.002980 seconds.
Begin MonoManager ReloadAssembly
Native extension for WindowsStandalone target not found
Native extension for WebGL target not found
Refreshing native plugins compatible for Editor in 0.43 ms, found 3 plugins.
Preloading 0 native plugins for Editor in 0.00 ms.
Mono: successfully reloaded assembly
- Completed reload, in  1.028 seconds
Platform modules already initialized, skipping
Refreshing native plugins compatible for Editor in 0.72 ms, found 3 plugins.
Preloading 0 native plugins for Editor in 0.00 ms.
Unloading 2073 Unused Serialized files (Serialized files now loaded: 0)
System memory in use before: 92.4 MB.
System memory in use after: 92.5 MB.

Unloading 17 unused Assets to reduce memory usage. Loaded Objects now: 2524.
Total: 2.383400 ms (FindLiveObjects: 0.188400 ms CreateObjectMapping: 0.071600 ms MarkObjects: 2.077200 ms  DeleteObjects: 0.045100 ms)

AssetImportWorkerClient::OnTransportError - code=2 error=End of file
